<?xml version="1.0" encoding="UTF-8"?>
<!-- Generated by org.testng.reporters.JUnitReportReporter -->
<testsuite hostname="VMT13490" failures="0" tests="2" name="com.selenium.learning.Base.ExtentReportsClass" time="18.286" errors="0" timestamp="2023-01-31T11:43:05 IST" skipped="0">
  <testcase classname="com.selenium.learning.Base.ExtentReportsClass" name="verifyLogo" time="11.903"/>
  <system-out/>
  <testcase classname="com.selenium.learning.Base.ExtentReportsClass" name="verifyTitle" time="6.383"/>
  <system-out/>
</testsuite> <!-- com.selenium.learning.Base.ExtentReportsClass -->
