<?xml version="1.0" encoding="UTF-8"?>
<!-- Generated by org.testng.reporters.JUnitReportReporter -->
<testsuite hostname="VMT13490" failures="0" tests="1" name="runner.TestRunner" time="50.150" errors="0" timestamp="2023-02-01T14:52:37 IST" skipped="0">
  <testcase classname="runner.TestRunner" name="runScenario" time="50.150"/>
  <system-out/>
</testsuite> <!-- runner.TestRunner -->
