<?xml version="1.0" encoding="UTF-8"?>
<!-- Generated by org.testng.reporters.JUnitReportReporter -->
<testsuite hostname="VMT13490" failures="0" tests="1" name="com.selenium.learning.Base.ExtentDemo" time="20.847" errors="0" timestamp="2023-01-30T11:41:52 IST" skipped="0">
  <testcase classname="com.selenium.learning.Base.ExtentDemo" name="extentReportsDemo" time="20.847"/>
  <system-out/>
</testsuite> <!-- com.selenium.learning.Base.ExtentDemo -->
