<?xml version="1.0" encoding="UTF-8"?>
<!-- Generated by org.testng.reporters.JUnitReportReporter -->
<testsuite hostname="VMT13490" failures="0" tests="1" name="com.selenium.learning.Test.LoginTest" time="2.048" errors="0" timestamp="2023-01-23T14:07:23 IST" skipped="0">
  <testcase classname="com.selenium.learning.Test.LoginTest" name="loginTest" time="2.048"/>
  <system-out/>
</testsuite> <!-- com.selenium.learning.Test.LoginTest -->
